The system is: Linux - 3.10.0-957.5.1.el7.x86_64 - x86_64
The system is: Linux - 3.10.0-957.5.1.el7.x86_64 - x86_64
Compiling the C compiler identification source file "CMakeCCompilerId.c" succeeded.
Compiler: /home/kmoore/miniconda/envs/pacc-env-mini/bin/x86_64-conda_cos6-linux-gnu-cc 
Build flags: -march=nocona;-mtune=haswell;-ftree-vectorize;-fPIC;-fstack-protector-all;-fno-plt;-Og;-g;-Wall;-Wextra;-fvar-tracking-assignments;-ffunction-sections;-pipe
Id flags:  

The output was:
0


Compilation of the C compiler identification source "CMakeCCompilerId.c" produced "a.out"

The C compiler identification is GNU, found in "/lcrc/project/CMRP/pacc/ProjRot/build/CMakeFiles/3.14.5/CompilerIdC/a.out"

Determining if the C compiler works passed with the following output:
Change Dir: /lcrc/project/CMRP/pacc/ProjRot/build/CMakeFiles/CMakeTmp

Run Build Command(s):/usr/bin/gmake cmTC_6240b/fast 
/usr/bin/gmake -f CMakeFiles/cmTC_6240b.dir/build.make CMakeFiles/cmTC_6240b.dir/build
gmake[1]: Entering directory `/lcrc/project/CMRP/pacc/ProjRot/build/CMakeFiles/CMakeTmp'
Building C object CMakeFiles/cmTC_6240b.dir/testCCompiler.c.o
/home/kmoore/miniconda/envs/pacc-env-mini/bin/x86_64-conda_cos6-linux-gnu-cc   -march=nocona -mtune=haswell -ftree-vectorize -fPIC -fstack-protector-all -fno-plt -Og -g -Wall -Wextra -fvar-tracking-assignments -ffunction-sections -pipe    -o CMakeFiles/cmTC_6240b.dir/testCCompiler.c.o   -c /lcrc/project/CMRP/pacc/ProjRot/build/CMakeFiles/CMakeTmp/testCCompiler.c
Linking C executable cmTC_6240b
/blues/gpfs/home/kmoore/miniconda/envs/pacc-env-mini/bin/cmake -E cmake_link_script CMakeFiles/cmTC_6240b.dir/link.txt --verbose=1
/home/kmoore/miniconda/envs/pacc-env-mini/bin/x86_64-conda_cos6-linux-gnu-cc -march=nocona -mtune=haswell -ftree-vectorize -fPIC -fstack-protector-all -fno-plt -Og -g -Wall -Wextra -fvar-tracking-assignments -ffunction-sections -pipe   -Wl,-O2 -Wl,--sort-common -Wl,--as-needed -Wl,-z,relro -Wl,-z,now -Wl,--disable-new-dtags -Wl,--gc-sections  -rdynamic CMakeFiles/cmTC_6240b.dir/testCCompiler.c.o  -o cmTC_6240b 
gmake[1]: Leaving directory `/lcrc/project/CMRP/pacc/ProjRot/build/CMakeFiles/CMakeTmp'


Detecting C compiler ABI info compiled with the following output:
Change Dir: /lcrc/project/CMRP/pacc/ProjRot/build/CMakeFiles/CMakeTmp

Run Build Command(s):/usr/bin/gmake cmTC_37c6f/fast 
/usr/bin/gmake -f CMakeFiles/cmTC_37c6f.dir/build.make CMakeFiles/cmTC_37c6f.dir/build
gmake[1]: Entering directory `/lcrc/project/CMRP/pacc/ProjRot/build/CMakeFiles/CMakeTmp'
Building C object CMakeFiles/cmTC_37c6f.dir/CMakeCCompilerABI.c.o
/home/kmoore/miniconda/envs/pacc-env-mini/bin/x86_64-conda_cos6-linux-gnu-cc   -march=nocona -mtune=haswell -ftree-vectorize -fPIC -fstack-protector-all -fno-plt -Og -g -Wall -Wextra -fvar-tracking-assignments -ffunction-sections -pipe    -v -o CMakeFiles/cmTC_37c6f.dir/CMakeCCompilerABI.c.o   -c /blues/gpfs/home/kmoore/miniconda/envs/pacc-env-mini/share/cmake-3.14/Modules/CMakeCCompilerABI.c
Reading specs from /blues/gpfs/home/kmoore/miniconda/envs/pacc-env-mini/bin/../lib/gcc/x86_64-conda_cos6-linux-gnu/7.3.0/specs
COLLECT_GCC=/home/kmoore/miniconda/envs/pacc-env-mini/bin/x86_64-conda_cos6-linux-gnu-cc
Target: x86_64-conda_cos6-linux-gnu
Configured with: /home/rdonnelly/mc/conda-bld/compilers_linux-64_1534865402226/work/.build/x86_64-conda_cos6-linux-gnu/src/gcc/configure --build=x86_64-build_pc-linux-gnu --host=x86_64-build_pc-linux-gnu --target=x86_64-conda_cos6-linux-gnu --prefix=/home/rdonnelly/mc/conda-bld/compilers_linux-64_1534865402226/work/gcc_built --with-sysroot=/home/rdonnelly/mc/conda-bld/compilers_linux-64_1534865402226/work/gcc_built/x86_64-conda_cos6-linux-gnu/sysroot --enable-languages=c,c++,fortran,objc,obj-c++ --with-pkgversion='crosstool-NG 1.23.0.449-a04d0' --enable-__cxa_atexit --disable-libmudflap --enable-libgomp --disable-libssp --enable-libquadmath --enable-libquadmath-support --enable-libsanitizer --enable-libmpx --with-gmp=/home/rdonnelly/mc/conda-bld/compilers_linux-64_1534865402226/work/.build/x86_64-conda_cos6-linux-gnu/buildtools --with-mpfr=/home/rdonnelly/mc/conda-bld/compilers_linux-64_1534865402226/work/.build/x86_64-conda_cos6-linux-gnu/buildtools --with-mpc=/home/rdonnelly/mc/conda-bld/compilers_linux-64_1534865402226/work/.build/x86_64-conda_cos6-linux-gnu/buildtools --with-isl=/home/rdonnelly/mc/conda-bld/compilers_linux-64_1534865402226/work/.build/x86_64-conda_cos6-linux-gnu/buildtools --enable-lto --enable-threads=posix --enable-target-optspace --enable-plugin --enable-gold --disable-nls --disable-multilib --with-local-prefix=/home/rdonnelly/mc/conda-bld/compilers_linux-64_1534865402226/work/gcc_built/x86_64-conda_cos6-linux-gnu/sysroot --enable-long-long --enable-default-pie
Thread model: posix
gcc version 7.3.0 (crosstool-NG 1.23.0.449-a04d0) 
COLLECT_GCC_OPTIONS='-march=nocona' '-mtune=haswell' '-ftree-vectorize' '-fPIC' '-fstack-protector-all' '-fno-plt' '-Og' '-g' '-Wall' '-Wextra' '-fvar-tracking-assignments' '-ffunction-sections' '-pipe' '-v' '-o' 'CMakeFiles/cmTC_37c6f.dir/CMakeCCompilerABI.c.o' '-c'
 /blues/gpfs/home/kmoore/miniconda/envs/pacc-env-mini/bin/../libexec/gcc/x86_64-conda_cos6-linux-gnu/7.3.0/cc1 -quiet -v -iprefix /blues/gpfs/home/kmoore/miniconda/envs/pacc-env-mini/bin/../lib/gcc/x86_64-conda_cos6-linux-gnu/7.3.0/ -isysroot /blues/gpfs/home/kmoore/miniconda/envs/pacc-env-mini/bin/../x86_64-conda_cos6-linux-gnu/sysroot /blues/gpfs/home/kmoore/miniconda/envs/pacc-env-mini/share/cmake-3.14/Modules/CMakeCCompilerABI.c -quiet -dumpbase CMakeCCompilerABI.c -march=nocona -mtune=haswell -auxbase-strip CMakeFiles/cmTC_37c6f.dir/CMakeCCompilerABI.c.o -g -Og -Wall -Wextra -version -ftree-vectorize -fPIC -fstack-protector-all -fno-plt -fvar-tracking-assignments -ffunction-sections -o - |
 /blues/gpfs/home/kmoore/miniconda/envs/pacc-env-mini/bin/../lib/gcc/x86_64-conda_cos6-linux-gnu/7.3.0/../../../../x86_64-conda_cos6-linux-gnu/bin/as -v --64 -o CMakeFiles/cmTC_37c6f.dir/CMakeCCompilerABI.c.o
GNU assembler version 2.31.1 (x86_64-conda_cos6-linux-gnu) using BFD version (crosstool-NG 1.23.0.444-4ea7) 2.31.1
GNU C11 (crosstool-NG 1.23.0.449-a04d0) version 7.3.0 (x86_64-conda_cos6-linux-gnu)
	compiled by GNU C version 4.4.7 20120313 (Red Hat 4.4.7-18), GMP version 6.1.2, MPFR version 4.0.1, MPC version 1.1.0, isl version isl-0.19-GMP

GGC heuristics: --param ggc-min-expand=100 --param ggc-min-heapsize=131072
ignoring duplicate directory "/blues/gpfs/home/kmoore/miniconda/envs/pacc-env-mini/bin/../lib/gcc/../../lib/gcc/x86_64-conda_cos6-linux-gnu/7.3.0/include"
ignoring nonexistent directory "/blues/gpfs/home/kmoore/miniconda/envs/pacc-env-mini/bin/../x86_64-conda_cos6-linux-gnu/sysroot/home/rdonnelly/mc/conda-bld/compilers_linux-64_1534865402226/work/gcc_built/x86_64-conda_cos6-linux-gnu/sysroot/include"
ignoring duplicate directory "/blues/gpfs/home/kmoore/miniconda/envs/pacc-env-mini/bin/../lib/gcc/../../lib/gcc/x86_64-conda_cos6-linux-gnu/7.3.0/include-fixed"
ignoring duplicate directory "/blues/gpfs/home/kmoore/miniconda/envs/pacc-env-mini/bin/../lib/gcc/../../lib/gcc/x86_64-conda_cos6-linux-gnu/7.3.0/../../../../x86_64-conda_cos6-linux-gnu/include"
#include "..." search starts here:
#include <...> search starts here:
 /blues/gpfs/home/software/spack-0.10.1/opt/spack/linux-centos7-x86_64/intel-17.0.4/intel-mkl-2017.3.196-v7uuj6zmthzln35n2hb7i5u5ybncv5ev/compilers_and_libraries_2017.4.196/linux/mkl/include
 /blues/gpfs/home/software/spack-0.10.1/opt/spack/linux-centos7-x86_64/gcc-4.8.5/intel-17.0.4-74uvhjiulyqgvsmywifbbuo46v5n42xc/tbb/include
 /blues/gpfs/home/kmoore/miniconda/envs/pacc-env-mini/bin/../lib/gcc/x86_64-conda_cos6-linux-gnu/7.3.0/include
 /blues/gpfs/home/kmoore/miniconda/envs/pacc-env-mini/bin/../lib/gcc/x86_64-conda_cos6-linux-gnu/7.3.0/include-fixed
 /blues/gpfs/home/kmoore/miniconda/envs/pacc-env-mini/bin/../lib/gcc/x86_64-conda_cos6-linux-gnu/7.3.0/../../../../x86_64-conda_cos6-linux-gnu/include
 /blues/gpfs/home/kmoore/miniconda/envs/pacc-env-mini/bin/../x86_64-conda_cos6-linux-gnu/sysroot/usr/include
End of search list.
GNU C11 (crosstool-NG 1.23.0.449-a04d0) version 7.3.0 (x86_64-conda_cos6-linux-gnu)
	compiled by GNU C version 4.4.7 20120313 (Red Hat 4.4.7-18), GMP version 6.1.2, MPFR version 4.0.1, MPC version 1.1.0, isl version isl-0.19-GMP

GGC heuristics: --param ggc-min-expand=100 --param ggc-min-heapsize=131072
Compiler executable checksum: 5f20d987048986f2a55289b7d7729157
COMPILER_PATH=/blues/gpfs/home/kmoore/miniconda/envs/pacc-env-mini/bin/../libexec/gcc/x86_64-conda_cos6-linux-gnu/7.3.0/:/blues/gpfs/home/kmoore/miniconda/envs/pacc-env-mini/bin/../libexec/gcc/:/blues/gpfs/home/kmoore/miniconda/envs/pacc-env-mini/bin/../lib/gcc/x86_64-conda_cos6-linux-gnu/7.3.0/../../../../x86_64-conda_cos6-linux-gnu/bin/
LIBRARY_PATH=/blues/gpfs/home/kmoore/miniconda/envs/pacc-env-mini/bin/../lib/gcc/x86_64-conda_cos6-linux-gnu/7.3.0/:/blues/gpfs/home/kmoore/miniconda/envs/pacc-env-mini/bin/../lib/gcc/:/blues/gpfs/home/kmoore/miniconda/envs/pacc-env-mini/bin/../lib/gcc/x86_64-conda_cos6-linux-gnu/7.3.0/../../../../x86_64-conda_cos6-linux-gnu/lib/../lib/:/blues/gpfs/home/kmoore/miniconda/envs/pacc-env-mini/bin/../x86_64-conda_cos6-linux-gnu/sysroot/lib/../lib/:/blues/gpfs/home/kmoore/miniconda/envs/pacc-env-mini/bin/../x86_64-conda_cos6-linux-gnu/sysroot/usr/lib/../lib/:/blues/gpfs/home/kmoore/miniconda/envs/pacc-env-mini/bin/../lib/gcc/x86_64-conda_cos6-linux-gnu/7.3.0/../../../../x86_64-conda_cos6-linux-gnu/lib/:/blues/gpfs/home/kmoore/miniconda/envs/pacc-env-mini/bin/../x86_64-conda_cos6-linux-gnu/sysroot/lib/:/blues/gpfs/home/kmoore/miniconda/envs/pacc-env-mini/bin/../x86_64-conda_cos6-linux-gnu/sysroot/usr/lib/
COLLECT_GCC_OPTIONS='-march=nocona' '-mtune=haswell' '-ftree-vectorize' '-fPIC' '-fstack-protector-all' '-fno-plt' '-Og' '-g' '-Wall' '-Wextra' '-fvar-tracking-assignments' '-ffunction-sections' '-pipe' '-v' '-o' 'CMakeFiles/cmTC_37c6f.dir/CMakeCCompilerABI.c.o' '-c'
Linking C executable cmTC_37c6f
/blues/gpfs/home/kmoore/miniconda/envs/pacc-env-mini/bin/cmake -E cmake_link_script CMakeFiles/cmTC_37c6f.dir/link.txt --verbose=1
/home/kmoore/miniconda/envs/pacc-env-mini/bin/x86_64-conda_cos6-linux-gnu-cc -march=nocona -mtune=haswell -ftree-vectorize -fPIC -fstack-protector-all -fno-plt -Og -g -Wall -Wextra -fvar-tracking-assignments -ffunction-sections -pipe   -Wl,-O2 -Wl,--sort-common -Wl,--as-needed -Wl,-z,relro -Wl,-z,now -Wl,--disable-new-dtags -Wl,--gc-sections -v -rdynamic CMakeFiles/cmTC_37c6f.dir/CMakeCCompilerABI.c.o  -o cmTC_37c6f 
Reading specs from /blues/gpfs/home/kmoore/miniconda/envs/pacc-env-mini/bin/../lib/gcc/x86_64-conda_cos6-linux-gnu/7.3.0/specs
COLLECT_GCC=/home/kmoore/miniconda/envs/pacc-env-mini/bin/x86_64-conda_cos6-linux-gnu-cc
COLLECT_LTO_WRAPPER=/blues/gpfs/home/kmoore/miniconda/envs/pacc-env-mini/bin/../libexec/gcc/x86_64-conda_cos6-linux-gnu/7.3.0/lto-wrapper
Target: x86_64-conda_cos6-linux-gnu
Configured with: /home/rdonnelly/mc/conda-bld/compilers_linux-64_1534865402226/work/.build/x86_64-conda_cos6-linux-gnu/src/gcc/configure --build=x86_64-build_pc-linux-gnu --host=x86_64-build_pc-linux-gnu --target=x86_64-conda_cos6-linux-gnu --prefix=/home/rdonnelly/mc/conda-bld/compilers_linux-64_1534865402226/work/gcc_built --with-sysroot=/home/rdonnelly/mc/conda-bld/compilers_linux-64_1534865402226/work/gcc_built/x86_64-conda_cos6-linux-gnu/sysroot --enable-languages=c,c++,fortran,objc,obj-c++ --with-pkgversion='crosstool-NG 1.23.0.449-a04d0' --enable-__cxa_atexit --disable-libmudflap --enable-libgomp --disable-libssp --enable-libquadmath --enable-libquadmath-support --enable-libsanitizer --enable-libmpx --with-gmp=/home/rdonnelly/mc/conda-bld/compilers_linux-64_1534865402226/work/.build/x86_64-conda_cos6-linux-gnu/buildtools --with-mpfr=/home/rdonnelly/mc/conda-bld/compilers_linux-64_1534865402226/work/.build/x86_64-conda_cos6-linux-gnu/buildtools --with-mpc=/home/rdonnelly/mc/conda-bld/compilers_linux-64_1534865402226/work/.build/x86_64-conda_cos6-linux-gnu/buildtools --with-isl=/home/rdonnelly/mc/conda-bld/compilers_linux-64_1534865402226/work/.build/x86_64-conda_cos6-linux-gnu/buildtools --enable-lto --enable-threads=posix --enable-target-optspace --enable-plugin --enable-gold --disable-nls --disable-multilib --with-local-prefix=/home/rdonnelly/mc/conda-bld/compilers_linux-64_1534865402226/work/gcc_built/x86_64-conda_cos6-linux-gnu/sysroot --enable-long-long --enable-default-pie
Thread model: posix
gcc version 7.3.0 (crosstool-NG 1.23.0.449-a04d0) 
COMPILER_PATH=/blues/gpfs/home/kmoore/miniconda/envs/pacc-env-mini/bin/../libexec/gcc/x86_64-conda_cos6-linux-gnu/7.3.0/:/blues/gpfs/home/kmoore/miniconda/envs/pacc-env-mini/bin/../libexec/gcc/:/blues/gpfs/home/kmoore/miniconda/envs/pacc-env-mini/bin/../lib/gcc/x86_64-conda_cos6-linux-gnu/7.3.0/../../../../x86_64-conda_cos6-linux-gnu/bin/
LIBRARY_PATH=/blues/gpfs/home/kmoore/miniconda/envs/pacc-env-mini/bin/../lib/gcc/x86_64-conda_cos6-linux-gnu/7.3.0/:/blues/gpfs/home/kmoore/miniconda/envs/pacc-env-mini/bin/../lib/gcc/:/blues/gpfs/home/kmoore/miniconda/envs/pacc-env-mini/bin/../lib/gcc/x86_64-conda_cos6-linux-gnu/7.3.0/../../../../x86_64-conda_cos6-linux-gnu/lib/../lib/:/blues/gpfs/home/kmoore/miniconda/envs/pacc-env-mini/bin/../x86_64-conda_cos6-linux-gnu/sysroot/lib/../lib/:/blues/gpfs/home/kmoore/miniconda/envs/pacc-env-mini/bin/../x86_64-conda_cos6-linux-gnu/sysroot/usr/lib/../lib/:/blues/gpfs/home/kmoore/miniconda/envs/pacc-env-mini/bin/../lib/gcc/x86_64-conda_cos6-linux-gnu/7.3.0/../../../../x86_64-conda_cos6-linux-gnu/lib/:/blues/gpfs/home/kmoore/miniconda/envs/pacc-env-mini/bin/../x86_64-conda_cos6-linux-gnu/sysroot/lib/:/blues/gpfs/home/kmoore/miniconda/envs/pacc-env-mini/bin/../x86_64-conda_cos6-linux-gnu/sysroot/usr/lib/
COLLECT_GCC_OPTIONS='-march=nocona' '-mtune=haswell' '-ftree-vectorize' '-fPIC' '-fstack-protector-all' '-fno-plt' '-Og' '-g' '-Wall' '-Wextra' '-fvar-tracking-assignments' '-ffunction-sections' '-pipe' '-v' '-rdynamic' '-o' 'cmTC_37c6f'
 /blues/gpfs/home/kmoore/miniconda/envs/pacc-env-mini/bin/../libexec/gcc/x86_64-conda_cos6-linux-gnu/7.3.0/collect2 -plugin /blues/gpfs/home/kmoore/miniconda/envs/pacc-env-mini/bin/../libexec/gcc/x86_64-conda_cos6-linux-gnu/7.3.0/liblto_plugin.so -plugin-opt=/blues/gpfs/home/kmoore/miniconda/envs/pacc-env-mini/bin/../libexec/gcc/x86_64-conda_cos6-linux-gnu/7.3.0/lto-wrapper -plugin-opt=-fresolution=/tmp/ccDzWRh8.res -plugin-opt=-pass-through=-lgcc -plugin-opt=-pass-through=-lgcc_s -plugin-opt=-pass-through=-lc -plugin-opt=-pass-through=-lgcc -plugin-opt=-pass-through=-lgcc_s --sysroot=/blues/gpfs/home/kmoore/miniconda/envs/pacc-env-mini/bin/../x86_64-conda_cos6-linux-gnu/sysroot --eh-frame-hdr -m elf_x86_64 -export-dynamic -dynamic-linker /lib64/ld-linux-x86-64.so.2 -pie -o cmTC_37c6f /blues/gpfs/home/kmoore/miniconda/envs/pacc-env-mini/bin/../x86_64-conda_cos6-linux-gnu/sysroot/usr/lib/../lib/Scrt1.o /blues/gpfs/home/kmoore/miniconda/envs/pacc-env-mini/bin/../x86_64-conda_cos6-linux-gnu/sysroot/usr/lib/../lib/crti.o /blues/gpfs/home/kmoore/miniconda/envs/pacc-env-mini/bin/../lib/gcc/x86_64-conda_cos6-linux-gnu/7.3.0/crtbeginS.o -L/blues/gpfs/home/kmoore/miniconda/envs/pacc-env-mini/bin/../lib/gcc/x86_64-conda_cos6-linux-gnu/7.3.0 -L/blues/gpfs/home/kmoore/miniconda/envs/pacc-env-mini/bin/../lib/gcc -L/blues/gpfs/home/kmoore/miniconda/envs/pacc-env-mini/bin/../lib/gcc/x86_64-conda_cos6-linux-gnu/7.3.0/../../../../x86_64-conda_cos6-linux-gnu/lib/../lib -L/blues/gpfs/home/kmoore/miniconda/envs/pacc-env-mini/bin/../x86_64-conda_cos6-linux-gnu/sysroot/lib/../lib -L/blues/gpfs/home/kmoore/miniconda/envs/pacc-env-mini/bin/../x86_64-conda_cos6-linux-gnu/sysroot/usr/lib/../lib -L/blues/gpfs/home/kmoore/miniconda/envs/pacc-env-mini/bin/../lib/gcc/x86_64-conda_cos6-linux-gnu/7.3.0/../../../../x86_64-conda_cos6-linux-gnu/lib -L/blues/gpfs/home/kmoore/miniconda/envs/pacc-env-mini/bin/../x86_64-conda_cos6-linux-gnu/sysroot/lib -L/blues/gpfs/home/kmoore/miniconda/envs/pacc-env-mini/bin/../x86_64-conda_cos6-linux-gnu/sysroot/usr/lib -rpath /home/kmoore/miniconda/envs/pacc-env-mini/lib -O2 --sort-common --as-needed -z relro -z now --disable-new-dtags --gc-sections CMakeFiles/cmTC_37c6f.dir/CMakeCCompilerABI.c.o -lgcc --as-needed -lgcc_s --no-as-needed -lc -lgcc --as-needed -lgcc_s --no-as-needed /blues/gpfs/home/kmoore/miniconda/envs/pacc-env-mini/bin/../lib/gcc/x86_64-conda_cos6-linux-gnu/7.3.0/crtendS.o /blues/gpfs/home/kmoore/miniconda/envs/pacc-env-mini/bin/../x86_64-conda_cos6-linux-gnu/sysroot/usr/lib/../lib/crtn.o
COLLECT_GCC_OPTIONS='-march=nocona' '-mtune=haswell' '-ftree-vectorize' '-fPIC' '-fstack-protector-all' '-fno-plt' '-Og' '-g' '-Wall' '-Wextra' '-fvar-tracking-assignments' '-ffunction-sections' '-pipe' '-v' '-rdynamic' '-o' 'cmTC_37c6f'
gmake[1]: Leaving directory `/lcrc/project/CMRP/pacc/ProjRot/build/CMakeFiles/CMakeTmp'


Parsed C implicit include dir info from above output: rv=done
  found start of include info
  found start of implicit include info
    add: [/blues/gpfs/home/software/spack-0.10.1/opt/spack/linux-centos7-x86_64/intel-17.0.4/intel-mkl-2017.3.196-v7uuj6zmthzln35n2hb7i5u5ybncv5ev/compilers_and_libraries_2017.4.196/linux/mkl/include]
    add: [/blues/gpfs/home/software/spack-0.10.1/opt/spack/linux-centos7-x86_64/gcc-4.8.5/intel-17.0.4-74uvhjiulyqgvsmywifbbuo46v5n42xc/tbb/include]
    add: [/blues/gpfs/home/kmoore/miniconda/envs/pacc-env-mini/bin/../lib/gcc/x86_64-conda_cos6-linux-gnu/7.3.0/include]
    add: [/blues/gpfs/home/kmoore/miniconda/envs/pacc-env-mini/bin/../lib/gcc/x86_64-conda_cos6-linux-gnu/7.3.0/include-fixed]
    add: [/blues/gpfs/home/kmoore/miniconda/envs/pacc-env-mini/bin/../lib/gcc/x86_64-conda_cos6-linux-gnu/7.3.0/../../../../x86_64-conda_cos6-linux-gnu/include]
    add: [/blues/gpfs/home/kmoore/miniconda/envs/pacc-env-mini/bin/../x86_64-conda_cos6-linux-gnu/sysroot/usr/include]
  end of search list found
  collapse include dir [/blues/gpfs/home/software/spack-0.10.1/opt/spack/linux-centos7-x86_64/intel-17.0.4/intel-mkl-2017.3.196-v7uuj6zmthzln35n2hb7i5u5ybncv5ev/compilers_and_libraries_2017.4.196/linux/mkl/include] ==> [/blues/gpfs/home/software/spack-0.10.1/opt/spack/linux-centos7-x86_64/intel-17.0.4/intel-mkl-2017.3.196-v7uuj6zmthzln35n2hb7i5u5ybncv5ev/compilers_and_libraries_2017.4.196/linux/mkl/include]
  collapse include dir [/blues/gpfs/home/software/spack-0.10.1/opt/spack/linux-centos7-x86_64/gcc-4.8.5/intel-17.0.4-74uvhjiulyqgvsmywifbbuo46v5n42xc/tbb/include] ==> [/blues/gpfs/home/software/spack-0.10.1/opt/spack/linux-centos7-x86_64/gcc-4.8.5/intel-17.0.4-74uvhjiulyqgvsmywifbbuo46v5n42xc/tbb/include]
  collapse include dir [/blues/gpfs/home/kmoore/miniconda/envs/pacc-env-mini/bin/../lib/gcc/x86_64-conda_cos6-linux-gnu/7.3.0/include] ==> [/blues/gpfs/home/kmoore/miniconda/envs/pacc-env-mini/lib/gcc/x86_64-conda_cos6-linux-gnu/7.3.0/include]
  collapse include dir [/blues/gpfs/home/kmoore/miniconda/envs/pacc-env-mini/bin/../lib/gcc/x86_64-conda_cos6-linux-gnu/7.3.0/include-fixed] ==> [/blues/gpfs/home/kmoore/miniconda/envs/pacc-env-mini/lib/gcc/x86_64-conda_cos6-linux-gnu/7.3.0/include-fixed]
  collapse include dir [/blues/gpfs/home/kmoore/miniconda/envs/pacc-env-mini/bin/../lib/gcc/x86_64-conda_cos6-linux-gnu/7.3.0/../../../../x86_64-conda_cos6-linux-gnu/include] ==> [/blues/gpfs/home/kmoore/miniconda/envs/pacc-env-mini/x86_64-conda_cos6-linux-gnu/include]
  collapse include dir [/blues/gpfs/home/kmoore/miniconda/envs/pacc-env-mini/bin/../x86_64-conda_cos6-linux-gnu/sysroot/usr/include] ==> [/blues/gpfs/home/kmoore/miniconda/envs/pacc-env-mini/x86_64-conda_cos6-linux-gnu/sysroot/usr/include]
  implicit include dirs: [/blues/gpfs/home/software/spack-0.10.1/opt/spack/linux-centos7-x86_64/intel-17.0.4/intel-mkl-2017.3.196-v7uuj6zmthzln35n2hb7i5u5ybncv5ev/compilers_and_libraries_2017.4.196/linux/mkl/include;/blues/gpfs/home/software/spack-0.10.1/opt/spack/linux-centos7-x86_64/gcc-4.8.5/intel-17.0.4-74uvhjiulyqgvsmywifbbuo46v5n42xc/tbb/include;/blues/gpfs/home/kmoore/miniconda/envs/pacc-env-mini/lib/gcc/x86_64-conda_cos6-linux-gnu/7.3.0/include;/blues/gpfs/home/kmoore/miniconda/envs/pacc-env-mini/lib/gcc/x86_64-conda_cos6-linux-gnu/7.3.0/include-fixed;/blues/gpfs/home/kmoore/miniconda/envs/pacc-env-mini/x86_64-conda_cos6-linux-gnu/include;/blues/gpfs/home/kmoore/miniconda/envs/pacc-env-mini/x86_64-conda_cos6-linux-gnu/sysroot/usr/include]


Parsed C implicit link information from above output:
  link line regex: [^( *|.*[/\])(ld|CMAKE_LINK_STARTFILE-NOTFOUND|([^/\]+-)?ld|collect2)[^/\]*( |$)]
  ignore line: [Change Dir: /lcrc/project/CMRP/pacc/ProjRot/build/CMakeFiles/CMakeTmp]
  ignore line: []
  ignore line: [Run Build Command(s):/usr/bin/gmake cmTC_37c6f/fast ]
  ignore line: [/usr/bin/gmake -f CMakeFiles/cmTC_37c6f.dir/build.make CMakeFiles/cmTC_37c6f.dir/build]
  ignore line: [gmake[1]: Entering directory `/lcrc/project/CMRP/pacc/ProjRot/build/CMakeFiles/CMakeTmp']
  ignore line: [Building C object CMakeFiles/cmTC_37c6f.dir/CMakeCCompilerABI.c.o]
  ignore line: [/home/kmoore/miniconda/envs/pacc-env-mini/bin/x86_64-conda_cos6-linux-gnu-cc   -march=nocona -mtune=haswell -ftree-vectorize -fPIC -fstack-protector-all -fno-plt -Og -g -Wall -Wextra -fvar-tracking-assignments -ffunction-sections -pipe    -v -o CMakeFiles/cmTC_37c6f.dir/CMakeCCompilerABI.c.o   -c /blues/gpfs/home/kmoore/miniconda/envs/pacc-env-mini/share/cmake-3.14/Modules/CMakeCCompilerABI.c]
  ignore line: [Reading specs from /blues/gpfs/home/kmoore/miniconda/envs/pacc-env-mini/bin/../lib/gcc/x86_64-conda_cos6-linux-gnu/7.3.0/specs]
  ignore line: [COLLECT_GCC=/home/kmoore/miniconda/envs/pacc-env-mini/bin/x86_64-conda_cos6-linux-gnu-cc]
  ignore line: [Target: x86_64-conda_cos6-linux-gnu]
  ignore line: [Configured with: /home/rdonnelly/mc/conda-bld/compilers_linux-64_1534865402226/work/.build/x86_64-conda_cos6-linux-gnu/src/gcc/configure --build=x86_64-build_pc-linux-gnu --host=x86_64-build_pc-linux-gnu --target=x86_64-conda_cos6-linux-gnu --prefix=/home/rdonnelly/mc/conda-bld/compilers_linux-64_1534865402226/work/gcc_built --with-sysroot=/home/rdonnelly/mc/conda-bld/compilers_linux-64_1534865402226/work/gcc_built/x86_64-conda_cos6-linux-gnu/sysroot --enable-languages=c,c++,fortran,objc,obj-c++ --with-pkgversion='crosstool-NG 1.23.0.449-a04d0' --enable-__cxa_atexit --disable-libmudflap --enable-libgomp --disable-libssp --enable-libquadmath --enable-libquadmath-support --enable-libsanitizer --enable-libmpx --with-gmp=/home/rdonnelly/mc/conda-bld/compilers_linux-64_1534865402226/work/.build/x86_64-conda_cos6-linux-gnu/buildtools --with-mpfr=/home/rdonnelly/mc/conda-bld/compilers_linux-64_1534865402226/work/.build/x86_64-conda_cos6-linux-gnu/buildtools --with-mpc=/home/rdonnelly/mc/conda-bld/compilers_linux-64_1534865402226/work/.build/x86_64-conda_cos6-linux-gnu/buildtools --with-isl=/home/rdonnelly/mc/conda-bld/compilers_linux-64_1534865402226/work/.build/x86_64-conda_cos6-linux-gnu/buildtools --enable-lto --enable-threads=posix --enable-target-optspace --enable-plugin --enable-gold --disable-nls --disable-multilib --with-local-prefix=/home/rdonnelly/mc/conda-bld/compilers_linux-64_1534865402226/work/gcc_built/x86_64-conda_cos6-linux-gnu/sysroot --enable-long-long --enable-default-pie]
  ignore line: [Thread model: posix]
  ignore line: [gcc version 7.3.0 (crosstool-NG 1.23.0.449-a04d0) ]
  ignore line: [COLLECT_GCC_OPTIONS='-march=nocona' '-mtune=haswell' '-ftree-vectorize' '-fPIC' '-fstack-protector-all' '-fno-plt' '-Og' '-g' '-Wall' '-Wextra' '-fvar-tracking-assignments' '-ffunction-sections' '-pipe' '-v' '-o' 'CMakeFiles/cmTC_37c6f.dir/CMakeCCompilerABI.c.o' '-c']
  ignore line: [ /blues/gpfs/home/kmoore/miniconda/envs/pacc-env-mini/bin/../libexec/gcc/x86_64-conda_cos6-linux-gnu/7.3.0/cc1 -quiet -v -iprefix /blues/gpfs/home/kmoore/miniconda/envs/pacc-env-mini/bin/../lib/gcc/x86_64-conda_cos6-linux-gnu/7.3.0/ -isysroot /blues/gpfs/home/kmoore/miniconda/envs/pacc-env-mini/bin/../x86_64-conda_cos6-linux-gnu/sysroot /blues/gpfs/home/kmoore/miniconda/envs/pacc-env-mini/share/cmake-3.14/Modules/CMakeCCompilerABI.c -quiet -dumpbase CMakeCCompilerABI.c -march=nocona -mtune=haswell -auxbase-strip CMakeFiles/cmTC_37c6f.dir/CMakeCCompilerABI.c.o -g -Og -Wall -Wextra -version -ftree-vectorize -fPIC -fstack-protector-all -fno-plt -fvar-tracking-assignments -ffunction-sections -o - |]
  ignore line: [ /blues/gpfs/home/kmoore/miniconda/envs/pacc-env-mini/bin/../lib/gcc/x86_64-conda_cos6-linux-gnu/7.3.0/../../../../x86_64-conda_cos6-linux-gnu/bin/as -v --64 -o CMakeFiles/cmTC_37c6f.dir/CMakeCCompilerABI.c.o]
  ignore line: [GNU assembler version 2.31.1 (x86_64-conda_cos6-linux-gnu) using BFD version (crosstool-NG 1.23.0.444-4ea7) 2.31.1]
  ignore line: [GNU C11 (crosstool-NG 1.23.0.449-a04d0) version 7.3.0 (x86_64-conda_cos6-linux-gnu)]
  ignore line: [	compiled by GNU C version 4.4.7 20120313 (Red Hat 4.4.7-18), GMP version 6.1.2, MPFR version 4.0.1, MPC version 1.1.0, isl version isl-0.19-GMP]
  ignore line: []
  ignore line: [GGC heuristics: --param ggc-min-expand=100 --param ggc-min-heapsize=131072]
  ignore line: [ignoring duplicate directory "/blues/gpfs/home/kmoore/miniconda/envs/pacc-env-mini/bin/../lib/gcc/../../lib/gcc/x86_64-conda_cos6-linux-gnu/7.3.0/include"]
  ignore line: [ignoring nonexistent directory "/blues/gpfs/home/kmoore/miniconda/envs/pacc-env-mini/bin/../x86_64-conda_cos6-linux-gnu/sysroot/home/rdonnelly/mc/conda-bld/compilers_linux-64_1534865402226/work/gcc_built/x86_64-conda_cos6-linux-gnu/sysroot/include"]
  ignore line: [ignoring duplicate directory "/blues/gpfs/home/kmoore/miniconda/envs/pacc-env-mini/bin/../lib/gcc/../../lib/gcc/x86_64-conda_cos6-linux-gnu/7.3.0/include-fixed"]
  ignore line: [ignoring duplicate directory "/blues/gpfs/home/kmoore/miniconda/envs/pacc-env-mini/bin/../lib/gcc/../../lib/gcc/x86_64-conda_cos6-linux-gnu/7.3.0/../../../../x86_64-conda_cos6-linux-gnu/include"]
  ignore line: [#include "..." search starts here:]
  ignore line: [#include <...> search starts here:]
  ignore line: [ /blues/gpfs/home/software/spack-0.10.1/opt/spack/linux-centos7-x86_64/intel-17.0.4/intel-mkl-2017.3.196-v7uuj6zmthzln35n2hb7i5u5ybncv5ev/compilers_and_libraries_2017.4.196/linux/mkl/include]
  ignore line: [ /blues/gpfs/home/software/spack-0.10.1/opt/spack/linux-centos7-x86_64/gcc-4.8.5/intel-17.0.4-74uvhjiulyqgvsmywifbbuo46v5n42xc/tbb/include]
  ignore line: [ /blues/gpfs/home/kmoore/miniconda/envs/pacc-env-mini/bin/../lib/gcc/x86_64-conda_cos6-linux-gnu/7.3.0/include]
  ignore line: [ /blues/gpfs/home/kmoore/miniconda/envs/pacc-env-mini/bin/../lib/gcc/x86_64-conda_cos6-linux-gnu/7.3.0/include-fixed]
  ignore line: [ /blues/gpfs/home/kmoore/miniconda/envs/pacc-env-mini/bin/../lib/gcc/x86_64-conda_cos6-linux-gnu/7.3.0/../../../../x86_64-conda_cos6-linux-gnu/include]
  ignore line: [ /blues/gpfs/home/kmoore/miniconda/envs/pacc-env-mini/bin/../x86_64-conda_cos6-linux-gnu/sysroot/usr/include]
  ignore line: [End of search list.]
  ignore line: [GNU C11 (crosstool-NG 1.23.0.449-a04d0) version 7.3.0 (x86_64-conda_cos6-linux-gnu)]
  ignore line: [	compiled by GNU C version 4.4.7 20120313 (Red Hat 4.4.7-18), GMP version 6.1.2, MPFR version 4.0.1, MPC version 1.1.0, isl version isl-0.19-GMP]
  ignore line: []
  ignore line: [GGC heuristics: --param ggc-min-expand=100 --param ggc-min-heapsize=131072]
  ignore line: [Compiler executable checksum: 5f20d987048986f2a55289b7d7729157]
  ignore line: [COMPILER_PATH=/blues/gpfs/home/kmoore/miniconda/envs/pacc-env-mini/bin/../libexec/gcc/x86_64-conda_cos6-linux-gnu/7.3.0/:/blues/gpfs/home/kmoore/miniconda/envs/pacc-env-mini/bin/../libexec/gcc/:/blues/gpfs/home/kmoore/miniconda/envs/pacc-env-mini/bin/../lib/gcc/x86_64-conda_cos6-linux-gnu/7.3.0/../../../../x86_64-conda_cos6-linux-gnu/bin/]
  ignore line: [LIBRARY_PATH=/blues/gpfs/home/kmoore/miniconda/envs/pacc-env-mini/bin/../lib/gcc/x86_64-conda_cos6-linux-gnu/7.3.0/:/blues/gpfs/home/kmoore/miniconda/envs/pacc-env-mini/bin/../lib/gcc/:/blues/gpfs/home/kmoore/miniconda/envs/pacc-env-mini/bin/../lib/gcc/x86_64-conda_cos6-linux-gnu/7.3.0/../../../../x86_64-conda_cos6-linux-gnu/lib/../lib/:/blues/gpfs/home/kmoore/miniconda/envs/pacc-env-mini/bin/../x86_64-conda_cos6-linux-gnu/sysroot/lib/../lib/:/blues/gpfs/home/kmoore/miniconda/envs/pacc-env-mini/bin/../x86_64-conda_cos6-linux-gnu/sysroot/usr/lib/../lib/:/blues/gpfs/home/kmoore/miniconda/envs/pacc-env-mini/bin/../lib/gcc/x86_64-conda_cos6-linux-gnu/7.3.0/../../../../x86_64-conda_cos6-linux-gnu/lib/:/blues/gpfs/home/kmoore/miniconda/envs/pacc-env-mini/bin/../x86_64-conda_cos6-linux-gnu/sysroot/lib/:/blues/gpfs/home/kmoore/miniconda/envs/pacc-env-mini/bin/../x86_64-conda_cos6-linux-gnu/sysroot/usr/lib/]
  ignore line: [COLLECT_GCC_OPTIONS='-march=nocona' '-mtune=haswell' '-ftree-vectorize' '-fPIC' '-fstack-protector-all' '-fno-plt' '-Og' '-g' '-Wall' '-Wextra' '-fvar-tracking-assignments' '-ffunction-sections' '-pipe' '-v' '-o' 'CMakeFiles/cmTC_37c6f.dir/CMakeCCompilerABI.c.o' '-c']
  ignore line: [Linking C executable cmTC_37c6f]
  ignore line: [/blues/gpfs/home/kmoore/miniconda/envs/pacc-env-mini/bin/cmake -E cmake_link_script CMakeFiles/cmTC_37c6f.dir/link.txt --verbose=1]
  ignore line: [/home/kmoore/miniconda/envs/pacc-env-mini/bin/x86_64-conda_cos6-linux-gnu-cc -march=nocona -mtune=haswell -ftree-vectorize -fPIC -fstack-protector-all -fno-plt -Og -g -Wall -Wextra -fvar-tracking-assignments -ffunction-sections -pipe   -Wl,-O2 -Wl,--sort-common -Wl,--as-needed -Wl,-z,relro -Wl,-z,now -Wl,--disable-new-dtags -Wl,--gc-sections -v -rdynamic CMakeFiles/cmTC_37c6f.dir/CMakeCCompilerABI.c.o  -o cmTC_37c6f ]
  ignore line: [Reading specs from /blues/gpfs/home/kmoore/miniconda/envs/pacc-env-mini/bin/../lib/gcc/x86_64-conda_cos6-linux-gnu/7.3.0/specs]
  ignore line: [COLLECT_GCC=/home/kmoore/miniconda/envs/pacc-env-mini/bin/x86_64-conda_cos6-linux-gnu-cc]
  ignore line: [COLLECT_LTO_WRAPPER=/blues/gpfs/home/kmoore/miniconda/envs/pacc-env-mini/bin/../libexec/gcc/x86_64-conda_cos6-linux-gnu/7.3.0/lto-wrapper]
  ignore line: [Target: x86_64-conda_cos6-linux-gnu]
  ignore line: [Configured with: /home/rdonnelly/mc/conda-bld/compilers_linux-64_1534865402226/work/.build/x86_64-conda_cos6-linux-gnu/src/gcc/configure --build=x86_64-build_pc-linux-gnu --host=x86_64-build_pc-linux-gnu --target=x86_64-conda_cos6-linux-gnu --prefix=/home/rdonnelly/mc/conda-bld/compilers_linux-64_1534865402226/work/gcc_built --with-sysroot=/home/rdonnelly/mc/conda-bld/compilers_linux-64_1534865402226/work/gcc_built/x86_64-conda_cos6-linux-gnu/sysroot --enable-languages=c,c++,fortran,objc,obj-c++ --with-pkgversion='crosstool-NG 1.23.0.449-a04d0' --enable-__cxa_atexit --disable-libmudflap --enable-libgomp --disable-libssp --enable-libquadmath --enable-libquadmath-support --enable-libsanitizer --enable-libmpx --with-gmp=/home/rdonnelly/mc/conda-bld/compilers_linux-64_1534865402226/work/.build/x86_64-conda_cos6-linux-gnu/buildtools --with-mpfr=/home/rdonnelly/mc/conda-bld/compilers_linux-64_1534865402226/work/.build/x86_64-conda_cos6-linux-gnu/buildtools --with-mpc=/home/rdonnelly/mc/conda-bld/compilers_linux-64_1534865402226/work/.build/x86_64-conda_cos6-linux-gnu/buildtools --with-isl=/home/rdonnelly/mc/conda-bld/compilers_linux-64_1534865402226/work/.build/x86_64-conda_cos6-linux-gnu/buildtools --enable-lto --enable-threads=posix --enable-target-optspace --enable-plugin --enable-gold --disable-nls --disable-multilib --with-local-prefix=/home/rdonnelly/mc/conda-bld/compilers_linux-64_1534865402226/work/gcc_built/x86_64-conda_cos6-linux-gnu/sysroot --enable-long-long --enable-default-pie]
  ignore line: [Thread model: posix]
  ignore line: [gcc version 7.3.0 (crosstool-NG 1.23.0.449-a04d0) ]
  ignore line: [COMPILER_PATH=/blues/gpfs/home/kmoore/miniconda/envs/pacc-env-mini/bin/../libexec/gcc/x86_64-conda_cos6-linux-gnu/7.3.0/:/blues/gpfs/home/kmoore/miniconda/envs/pacc-env-mini/bin/../libexec/gcc/:/blues/gpfs/home/kmoore/miniconda/envs/pacc-env-mini/bin/../lib/gcc/x86_64-conda_cos6-linux-gnu/7.3.0/../../../../x86_64-conda_cos6-linux-gnu/bin/]
  ignore line: [LIBRARY_PATH=/blues/gpfs/home/kmoore/miniconda/envs/pacc-env-mini/bin/../lib/gcc/x86_64-conda_cos6-linux-gnu/7.3.0/:/blues/gpfs/home/kmoore/miniconda/envs/pacc-env-mini/bin/../lib/gcc/:/blues/gpfs/home/kmoore/miniconda/envs/pacc-env-mini/bin/../lib/gcc/x86_64-conda_cos6-linux-gnu/7.3.0/../../../../x86_64-conda_cos6-linux-gnu/lib/../lib/:/blues/gpfs/home/kmoore/miniconda/envs/pacc-env-mini/bin/../x86_64-conda_cos6-linux-gnu/sysroot/lib/../lib/:/blues/gpfs/home/kmoore/miniconda/envs/pacc-env-mini/bin/../x86_64-conda_cos6-linux-gnu/sysroot/usr/lib/../lib/:/blues/gpfs/home/kmoore/miniconda/envs/pacc-env-mini/bin/../lib/gcc/x86_64-conda_cos6-linux-gnu/7.3.0/../../../../x86_64-conda_cos6-linux-gnu/lib/:/blues/gpfs/home/kmoore/miniconda/envs/pacc-env-mini/bin/../x86_64-conda_cos6-linux-gnu/sysroot/lib/:/blues/gpfs/home/kmoore/miniconda/envs/pacc-env-mini/bin/../x86_64-conda_cos6-linux-gnu/sysroot/usr/lib/]
  ignore line: [COLLECT_GCC_OPTIONS='-march=nocona' '-mtune=haswell' '-ftree-vectorize' '-fPIC' '-fstack-protector-all' '-fno-plt' '-Og' '-g' '-Wall' '-Wextra' '-fvar-tracking-assignments' '-ffunction-sections' '-pipe' '-v' '-rdynamic' '-o' 'cmTC_37c6f']
  link line: [ /blues/gpfs/home/kmoore/miniconda/envs/pacc-env-mini/bin/../libexec/gcc/x86_64-conda_cos6-linux-gnu/7.3.0/collect2 -plugin /blues/gpfs/home/kmoore/miniconda/envs/pacc-env-mini/bin/../libexec/gcc/x86_64-conda_cos6-linux-gnu/7.3.0/liblto_plugin.so -plugin-opt=/blues/gpfs/home/kmoore/miniconda/envs/pacc-env-mini/bin/../libexec/gcc/x86_64-conda_cos6-linux-gnu/7.3.0/lto-wrapper -plugin-opt=-fresolution=/tmp/ccDzWRh8.res -plugin-opt=-pass-through=-lgcc -plugin-opt=-pass-through=-lgcc_s -plugin-opt=-pass-through=-lc -plugin-opt=-pass-through=-lgcc -plugin-opt=-pass-through=-lgcc_s --sysroot=/blues/gpfs/home/kmoore/miniconda/envs/pacc-env-mini/bin/../x86_64-conda_cos6-linux-gnu/sysroot --eh-frame-hdr -m elf_x86_64 -export-dynamic -dynamic-linker /lib64/ld-linux-x86-64.so.2 -pie -o cmTC_37c6f /blues/gpfs/home/kmoore/miniconda/envs/pacc-env-mini/bin/../x86_64-conda_cos6-linux-gnu/sysroot/usr/lib/../lib/Scrt1.o /blues/gpfs/home/kmoore/miniconda/envs/pacc-env-mini/bin/../x86_64-conda_cos6-linux-gnu/sysroot/usr/lib/../lib/crti.o /blues/gpfs/home/kmoore/miniconda/envs/pacc-env-mini/bin/../lib/gcc/x86_64-conda_cos6-linux-gnu/7.3.0/crtbeginS.o -L/blues/gpfs/home/kmoore/miniconda/envs/pacc-env-mini/bin/../lib/gcc/x86_64-conda_cos6-linux-gnu/7.3.0 -L/blues/gpfs/home/kmoore/miniconda/envs/pacc-env-mini/bin/../lib/gcc -L/blues/gpfs/home/kmoore/miniconda/envs/pacc-env-mini/bin/../lib/gcc/x86_64-conda_cos6-linux-gnu/7.3.0/../../../../x86_64-conda_cos6-linux-gnu/lib/../lib -L/blues/gpfs/home/kmoore/miniconda/envs/pacc-env-mini/bin/../x86_64-conda_cos6-linux-gnu/sysroot/lib/../lib -L/blues/gpfs/home/kmoore/miniconda/envs/pacc-env-mini/bin/../x86_64-conda_cos6-linux-gnu/sysroot/usr/lib/../lib -L/blues/gpfs/home/kmoore/miniconda/envs/pacc-env-mini/bin/../lib/gcc/x86_64-conda_cos6-linux-gnu/7.3.0/../../../../x86_64-conda_cos6-linux-gnu/lib -L/blues/gpfs/home/kmoore/miniconda/envs/pacc-env-mini/bin/../x86_64-conda_cos6-linux-gnu/sysroot/lib -L/blues/gpfs/home/kmoore/miniconda/envs/pacc-env-mini/bin/../x86_64-conda_cos6-linux-gnu/sysroot/usr/lib -rpath /home/kmoore/miniconda/envs/pacc-env-mini/lib -O2 --sort-common --as-needed -z relro -z now --disable-new-dtags --gc-sections CMakeFiles/cmTC_37c6f.dir/CMakeCCompilerABI.c.o -lgcc --as-needed -lgcc_s --no-as-needed -lc -lgcc --as-needed -lgcc_s --no-as-needed /blues/gpfs/home/kmoore/miniconda/envs/pacc-env-mini/bin/../lib/gcc/x86_64-conda_cos6-linux-gnu/7.3.0/crtendS.o /blues/gpfs/home/kmoore/miniconda/envs/pacc-env-mini/bin/../x86_64-conda_cos6-linux-gnu/sysroot/usr/lib/../lib/crtn.o]
    arg [/blues/gpfs/home/kmoore/miniconda/envs/pacc-env-mini/bin/../libexec/gcc/x86_64-conda_cos6-linux-gnu/7.3.0/collect2] ==> ignore
    arg [-plugin] ==> ignore
    arg [/blues/gpfs/home/kmoore/miniconda/envs/pacc-env-mini/bin/../libexec/gcc/x86_64-conda_cos6-linux-gnu/7.3.0/liblto_plugin.so] ==> ignore
    arg [-plugin-opt=/blues/gpfs/home/kmoore/miniconda/envs/pacc-env-mini/bin/../libexec/gcc/x86_64-conda_cos6-linux-gnu/7.3.0/lto-wrapper] ==> ignore
    arg [-plugin-opt=-fresolution=/tmp/ccDzWRh8.res] ==> ignore
    arg [-plugin-opt=-pass-through=-lgcc] ==> ignore
    arg [-plugin-opt=-pass-through=-lgcc_s] ==> ignore
    arg [-plugin-opt=-pass-through=-lc] ==> ignore
    arg [-plugin-opt=-pass-through=-lgcc] ==> ignore
    arg [-plugin-opt=-pass-through=-lgcc_s] ==> ignore
    arg [--sysroot=/blues/gpfs/home/kmoore/miniconda/envs/pacc-env-mini/bin/../x86_64-conda_cos6-linux-gnu/sysroot] ==> ignore
    arg [--eh-frame-hdr] ==> ignore
    arg [-m] ==> ignore
    arg [elf_x86_64] ==> ignore
    arg [-export-dynamic] ==> ignore
    arg [-dynamic-linker] ==> ignore
    arg [/lib64/ld-linux-x86-64.so.2] ==> ignore
    arg [-pie] ==> ignore
    arg [-o] ==> ignore
    arg [cmTC_37c6f] ==> ignore
    arg [/blues/gpfs/home/kmoore/miniconda/envs/pacc-env-mini/bin/../x86_64-conda_cos6-linux-gnu/sysroot/usr/lib/../lib/Scrt1.o] ==> ignore
    arg [/blues/gpfs/home/kmoore/miniconda/envs/pacc-env-mini/bin/../x86_64-conda_cos6-linux-gnu/sysroot/usr/lib/../lib/crti.o] ==> ignore
    arg [/blues/gpfs/home/kmoore/miniconda/envs/pacc-env-mini/bin/../lib/gcc/x86_64-conda_cos6-linux-gnu/7.3.0/crtbeginS.o] ==> ignore
    arg [-L/blues/gpfs/home/kmoore/miniconda/envs/pacc-env-mini/bin/../lib/gcc/x86_64-conda_cos6-linux-gnu/7.3.0] ==> dir [/blues/gpfs/home/kmoore/miniconda/envs/pacc-env-mini/bin/../lib/gcc/x86_64-conda_cos6-linux-gnu/7.3.0]
    arg [-L/blues/gpfs/home/kmoore/miniconda/envs/pacc-env-mini/bin/../lib/gcc] ==> dir [/blues/gpfs/home/kmoore/miniconda/envs/pacc-env-mini/bin/../lib/gcc]
    arg [-L/blues/gpfs/home/kmoore/miniconda/envs/pacc-env-mini/bin/../lib/gcc/x86_64-conda_cos6-linux-gnu/7.3.0/../../../../x86_64-conda_cos6-linux-gnu/lib/../lib] ==> dir [/blues/gpfs/home/kmoore/miniconda/envs/pacc-env-mini/bin/../lib/gcc/x86_64-conda_cos6-linux-gnu/7.3.0/../../../../x86_64-conda_cos6-linux-gnu/lib/../lib]
    arg [-L/blues/gpfs/home/kmoore/miniconda/envs/pacc-env-mini/bin/../x86_64-conda_cos6-linux-gnu/sysroot/lib/../lib] ==> dir [/blues/gpfs/home/kmoore/miniconda/envs/pacc-env-mini/bin/../x86_64-conda_cos6-linux-gnu/sysroot/lib/../lib]
    arg [-L/blues/gpfs/home/kmoore/miniconda/envs/pacc-env-mini/bin/../x86_64-conda_cos6-linux-gnu/sysroot/usr/lib/../lib] ==> dir [/blues/gpfs/home/kmoore/miniconda/envs/pacc-env-mini/bin/../x86_64-conda_cos6-linux-gnu/sysroot/usr/lib/../lib]
    arg [-L/blues/gpfs/home/kmoore/miniconda/envs/pacc-env-mini/bin/../lib/gcc/x86_64-conda_cos6-linux-gnu/7.3.0/../../../../x86_64-conda_cos6-linux-gnu/lib] ==> dir [/blues/gpfs/home/kmoore/miniconda/envs/pacc-env-mini/bin/../lib/gcc/x86_64-conda_cos6-linux-gnu/7.3.0/../../../../x86_64-conda_cos6-linux-gnu/lib]
    arg [-L/blues/gpfs/home/kmoore/miniconda/envs/pacc-env-mini/bin/../x86_64-conda_cos6-linux-gnu/sysroot/lib] ==> dir [/blues/gpfs/home/kmoore/miniconda/envs/pacc-env-mini/bin/../x86_64-conda_cos6-linux-gnu/sysroot/lib]
    arg [-L/blues/gpfs/home/kmoore/miniconda/envs/pacc-env-mini/bin/../x86_64-conda_cos6-linux-gnu/sysroot/usr/lib] ==> dir [/blues/gpfs/home/kmoore/miniconda/envs/pacc-env-mini/bin/../x86_64-conda_cos6-linux-gnu/sysroot/usr/lib]
    arg [-rpath] ==> ignore
    arg [/home/kmoore/miniconda/envs/pacc-env-mini/lib] ==> ignore
    arg [-O2] ==> ignore
    arg [--sort-common] ==> ignore
    arg [--as-needed] ==> ignore
    arg [-zrelro] ==> ignore
    arg [-znow] ==> ignore
    arg [--disable-new-dtags] ==> ignore
    arg [--gc-sections] ==> ignore
    arg [CMakeFiles/cmTC_37c6f.dir/CMakeCCompilerABI.c.o] ==> ignore
    arg [-lgcc] ==> lib [gcc]
    arg [--as-needed] ==> ignore
    arg [-lgcc_s] ==> lib [gcc_s]
    arg [--no-as-needed] ==> ignore
    arg [-lc] ==> lib [c]
    arg [-lgcc] ==> lib [gcc]
    arg [--as-needed] ==> ignore
    arg [-lgcc_s] ==> lib [gcc_s]
    arg [--no-as-needed] ==> ignore
    arg [/blues/gpfs/home/kmoore/miniconda/envs/pacc-env-mini/bin/../lib/gcc/x86_64-conda_cos6-linux-gnu/7.3.0/crtendS.o] ==> ignore
    arg [/blues/gpfs/home/kmoore/miniconda/envs/pacc-env-mini/bin/../x86_64-conda_cos6-linux-gnu/sysroot/usr/lib/../lib/crtn.o] ==> ignore
  collapse library dir [/blues/gpfs/home/kmoore/miniconda/envs/pacc-env-mini/bin/../lib/gcc/x86_64-conda_cos6-linux-gnu/7.3.0] ==> [/blues/gpfs/home/kmoore/miniconda/envs/pacc-env-mini/lib/gcc/x86_64-conda_cos6-linux-gnu/7.3.0]
  collapse library dir [/blues/gpfs/home/kmoore/miniconda/envs/pacc-env-mini/bin/../lib/gcc] ==> [/blues/gpfs/home/kmoore/miniconda/envs/pacc-env-mini/lib/gcc]
  collapse library dir [/blues/gpfs/home/kmoore/miniconda/envs/pacc-env-mini/bin/../lib/gcc/x86_64-conda_cos6-linux-gnu/7.3.0/../../../../x86_64-conda_cos6-linux-gnu/lib/../lib] ==> [/blues/gpfs/home/kmoore/miniconda/envs/pacc-env-mini/x86_64-conda_cos6-linux-gnu/lib]
  collapse library dir [/blues/gpfs/home/kmoore/miniconda/envs/pacc-env-mini/bin/../x86_64-conda_cos6-linux-gnu/sysroot/lib/../lib] ==> [/blues/gpfs/home/kmoore/miniconda/envs/pacc-env-mini/x86_64-conda_cos6-linux-gnu/sysroot/lib]
  collapse library dir [/blues/gpfs/home/kmoore/miniconda/envs/pacc-env-mini/bin/../x86_64-conda_cos6-linux-gnu/sysroot/usr/lib/../lib] ==> [/blues/gpfs/home/kmoore/miniconda/envs/pacc-env-mini/x86_64-conda_cos6-linux-gnu/sysroot/usr/lib]
  collapse library dir [/blues/gpfs/home/kmoore/miniconda/envs/pacc-env-mini/bin/../lib/gcc/x86_64-conda_cos6-linux-gnu/7.3.0/../../../../x86_64-conda_cos6-linux-gnu/lib] ==> [/blues/gpfs/home/kmoore/miniconda/envs/pacc-env-mini/x86_64-conda_cos6-linux-gnu/lib]
  collapse library dir [/blues/gpfs/home/kmoore/miniconda/envs/pacc-env-mini/bin/../x86_64-conda_cos6-linux-gnu/sysroot/lib] ==> [/blues/gpfs/home/kmoore/miniconda/envs/pacc-env-mini/x86_64-conda_cos6-linux-gnu/sysroot/lib]
  collapse library dir [/blues/gpfs/home/kmoore/miniconda/envs/pacc-env-mini/bin/../x86_64-conda_cos6-linux-gnu/sysroot/usr/lib] ==> [/blues/gpfs/home/kmoore/miniconda/envs/pacc-env-mini/x86_64-conda_cos6-linux-gnu/sysroot/usr/lib]
  implicit libs: [gcc;gcc_s;c;gcc;gcc_s]
  implicit dirs: [/blues/gpfs/home/kmoore/miniconda/envs/pacc-env-mini/lib/gcc/x86_64-conda_cos6-linux-gnu/7.3.0;/blues/gpfs/home/kmoore/miniconda/envs/pacc-env-mini/lib/gcc;/blues/gpfs/home/kmoore/miniconda/envs/pacc-env-mini/x86_64-conda_cos6-linux-gnu/lib;/blues/gpfs/home/kmoore/miniconda/envs/pacc-env-mini/x86_64-conda_cos6-linux-gnu/sysroot/lib;/blues/gpfs/home/kmoore/miniconda/envs/pacc-env-mini/x86_64-conda_cos6-linux-gnu/sysroot/usr/lib]
  implicit fwks: []




Detecting C [-std=c11] compiler features compiled with the following output:
Change Dir: /lcrc/project/CMRP/pacc/ProjRot/build/CMakeFiles/CMakeTmp

Run Build Command(s):/usr/bin/gmake cmTC_9b39a/fast 
/usr/bin/gmake -f CMakeFiles/cmTC_9b39a.dir/build.make CMakeFiles/cmTC_9b39a.dir/build
gmake[1]: Entering directory `/lcrc/project/CMRP/pacc/ProjRot/build/CMakeFiles/CMakeTmp'
Building C object CMakeFiles/cmTC_9b39a.dir/feature_tests.c.o
/home/kmoore/miniconda/envs/pacc-env-mini/bin/x86_64-conda_cos6-linux-gnu-cc   -march=nocona -mtune=haswell -ftree-vectorize -fPIC -fstack-protector-all -fno-plt -Og -g -Wall -Wextra -fvar-tracking-assignments -ffunction-sections -pipe    -std=c11 -o CMakeFiles/cmTC_9b39a.dir/feature_tests.c.o   -c /lcrc/project/CMRP/pacc/ProjRot/build/CMakeFiles/feature_tests.c
Linking C executable cmTC_9b39a
/blues/gpfs/home/kmoore/miniconda/envs/pacc-env-mini/bin/cmake -E cmake_link_script CMakeFiles/cmTC_9b39a.dir/link.txt --verbose=1
/home/kmoore/miniconda/envs/pacc-env-mini/bin/x86_64-conda_cos6-linux-gnu-cc -march=nocona -mtune=haswell -ftree-vectorize -fPIC -fstack-protector-all -fno-plt -Og -g -Wall -Wextra -fvar-tracking-assignments -ffunction-sections -pipe   -Wl,-O2 -Wl,--sort-common -Wl,--as-needed -Wl,-z,relro -Wl,-z,now -Wl,--disable-new-dtags -Wl,--gc-sections  -rdynamic CMakeFiles/cmTC_9b39a.dir/feature_tests.c.o  -o cmTC_9b39a 
gmake[1]: Leaving directory `/lcrc/project/CMRP/pacc/ProjRot/build/CMakeFiles/CMakeTmp'


    Feature record: C_FEATURE:1c_function_prototypes
    Feature record: C_FEATURE:1c_restrict
    Feature record: C_FEATURE:1c_static_assert
    Feature record: C_FEATURE:1c_variadic_macros


Detecting C [-std=c99] compiler features compiled with the following output:
Change Dir: /lcrc/project/CMRP/pacc/ProjRot/build/CMakeFiles/CMakeTmp

Run Build Command(s):/usr/bin/gmake cmTC_ad7b5/fast 
/usr/bin/gmake -f CMakeFiles/cmTC_ad7b5.dir/build.make CMakeFiles/cmTC_ad7b5.dir/build
gmake[1]: Entering directory `/lcrc/project/CMRP/pacc/ProjRot/build/CMakeFiles/CMakeTmp'
Building C object CMakeFiles/cmTC_ad7b5.dir/feature_tests.c.o
/home/kmoore/miniconda/envs/pacc-env-mini/bin/x86_64-conda_cos6-linux-gnu-cc   -march=nocona -mtune=haswell -ftree-vectorize -fPIC -fstack-protector-all -fno-plt -Og -g -Wall -Wextra -fvar-tracking-assignments -ffunction-sections -pipe    -std=c99 -o CMakeFiles/cmTC_ad7b5.dir/feature_tests.c.o   -c /lcrc/project/CMRP/pacc/ProjRot/build/CMakeFiles/feature_tests.c
Linking C executable cmTC_ad7b5
/blues/gpfs/home/kmoore/miniconda/envs/pacc-env-mini/bin/cmake -E cmake_link_script CMakeFiles/cmTC_ad7b5.dir/link.txt --verbose=1
/home/kmoore/miniconda/envs/pacc-env-mini/bin/x86_64-conda_cos6-linux-gnu-cc -march=nocona -mtune=haswell -ftree-vectorize -fPIC -fstack-protector-all -fno-plt -Og -g -Wall -Wextra -fvar-tracking-assignments -ffunction-sections -pipe   -Wl,-O2 -Wl,--sort-common -Wl,--as-needed -Wl,-z,relro -Wl,-z,now -Wl,--disable-new-dtags -Wl,--gc-sections  -rdynamic CMakeFiles/cmTC_ad7b5.dir/feature_tests.c.o  -o cmTC_ad7b5 
gmake[1]: Leaving directory `/lcrc/project/CMRP/pacc/ProjRot/build/CMakeFiles/CMakeTmp'


    Feature record: C_FEATURE:1c_function_prototypes
    Feature record: C_FEATURE:1c_restrict
    Feature record: C_FEATURE:0c_static_assert
    Feature record: C_FEATURE:1c_variadic_macros


Detecting C [-std=c90] compiler features compiled with the following output:
Change Dir: /lcrc/project/CMRP/pacc/ProjRot/build/CMakeFiles/CMakeTmp

Run Build Command(s):/usr/bin/gmake cmTC_721dd/fast 
/usr/bin/gmake -f CMakeFiles/cmTC_721dd.dir/build.make CMakeFiles/cmTC_721dd.dir/build
gmake[1]: Entering directory `/lcrc/project/CMRP/pacc/ProjRot/build/CMakeFiles/CMakeTmp'
Building C object CMakeFiles/cmTC_721dd.dir/feature_tests.c.o
/home/kmoore/miniconda/envs/pacc-env-mini/bin/x86_64-conda_cos6-linux-gnu-cc   -march=nocona -mtune=haswell -ftree-vectorize -fPIC -fstack-protector-all -fno-plt -Og -g -Wall -Wextra -fvar-tracking-assignments -ffunction-sections -pipe    -std=c90 -o CMakeFiles/cmTC_721dd.dir/feature_tests.c.o   -c /lcrc/project/CMRP/pacc/ProjRot/build/CMakeFiles/feature_tests.c
Linking C executable cmTC_721dd
/blues/gpfs/home/kmoore/miniconda/envs/pacc-env-mini/bin/cmake -E cmake_link_script CMakeFiles/cmTC_721dd.dir/link.txt --verbose=1
/home/kmoore/miniconda/envs/pacc-env-mini/bin/x86_64-conda_cos6-linux-gnu-cc -march=nocona -mtune=haswell -ftree-vectorize -fPIC -fstack-protector-all -fno-plt -Og -g -Wall -Wextra -fvar-tracking-assignments -ffunction-sections -pipe   -Wl,-O2 -Wl,--sort-common -Wl,--as-needed -Wl,-z,relro -Wl,-z,now -Wl,--disable-new-dtags -Wl,--gc-sections  -rdynamic CMakeFiles/cmTC_721dd.dir/feature_tests.c.o  -o cmTC_721dd 
gmake[1]: Leaving directory `/lcrc/project/CMRP/pacc/ProjRot/build/CMakeFiles/CMakeTmp'


    Feature record: C_FEATURE:1c_function_prototypes
    Feature record: C_FEATURE:0c_restrict
    Feature record: C_FEATURE:0c_static_assert
    Feature record: C_FEATURE:0c_variadic_macros
